2024-07-27 19:45:28 - Feedback: Zeer gelukkig - Comments: uitermate content
Test message
2024-07-28 08:06:31 - Feedback: Zeer gelukkig - Comments: incredible
2024-07-28 08:13:54 - Feedback: Zeer gelukkig - Comments: happy
2024-07-28 08:15:16 - Feedback: Zeer gelukkig - Comments: contented
2024-07-28 08:39:05 - Feedback: Zeer gelukkig - Comments: now im happy
2024-07-28 08:41:38 - Feedback: Zeer gelukkig - Comments: suepr
2024-07-28 08:45:49 - Feedback: Zeer gelukkig - Comments: dope
2024-07-28 08:47:41 - Feedback: Zeer gelukkig - Comments: dope 2.0
2024-07-28 08:48:52 - Feedback: Zeer gelukkig - Comments: insane
2024-07-28 08:50:07 - Feedback: Zeer gelukkig - Comments: superduper
2024-07-28 08:52:10 - Feedback: Zeer gelukkig - Comments: so cool
2024-07-28 08:53:32 - Feedback: Zeer gelukkig - Comments: superduper
2024-07-28 08:56:16 - Feedback: Zeer gelukkig - Comments: yobro
2024-07-28 08:58:41 - Feedback: Zeer gelukkig - Comments: coated genoeg
2024-07-28 09:01:53 - Feedback: Zeer gelukkig - Comments: not so cool bro
2024-07-28 09:03:06 - Feedback: Zeer gelukkig - Comments: not so cool bro
2024-07-28 09:05:08 - Feedback: Zeer gelukkig - Comments: cool
2024-07-28 09:13:38 - Feedback: Zeer gelukkig - Comments: okay cool
2024-07-28 09:14:06 - Feedback: Zeer gelukkig - Comments: okay cool 2
2024-07-28 09:16:11 - Feedback: Zeer gelukkig - Comments: very happy
2024-07-28 09:21:44 - Feedback: Zeer gelukkig - Comments: awesome
2024-07-28 09:22:52 - Feedback: Zeer gelukkig - Comments: awesome
2024-07-28 09:31:13 - Feedback: Zeer gelukkig - Comments: okay yeah

2024-07-28 09:35:08 - Feedback: Zeer gelukkig - Comments: not happy
2024-07-28 09:37:52 - Feedback: Zeer gelukkig - Comments: not cool
2024-07-28 09:40:30 - Feedback: Zeer gelukkig - Comments: cool
2024-07-28 09:41:44 - Feedback: Zeer gelukkig - Comments: yo
2024-07-28 09:42:48 - Feedback: Zeer gelukkig - Comments: yo
2024-07-28 09:47:27 - Feedback: Zeer gelukkig - Comments: happening
2024-07-28 09:48:50 - Feedback: Zeer gelukkig - Comments: give it up
2024-07-28 09:52:00 - Feedback: Zeer gelukkig - Comments: interesting
2024-07-28 11:10:05 - Feedback: Zeer gelukkig - Comments: hallo&#13;&#10;
2024-07-28 11:13:58 - Feedback: Zeer gelukkig - Comments: interessant
2024-07-28 11:15:21 - Feedback: Zeer gelukkig - Comments: hard
2024-07-28 11:22:25 - Feedback: Zeer gelukkig - Comments: interessant
